2023-06-12 00:50:16.041 [main] INFO  com.example.test_1.Test1Application - Starting Test1Application using Java 17.0.7 with PID 3448 (C:\Users\chetan.singh\Desktop\EmployeeDataManager\EmployeeManagerBackend\Test_1\target\classes started by chetan.singh in C:\Users\chetan.singh\Desktop\EmployeeDataManager\EmployeeManagerBackend\Test_1)
2023-06-12 00:50:16.052 [main] INFO  com.example.test_1.Test1Application - No active profile set, falling back to 1 default profile: "default"
2023-06-12 00:50:22.590 [main] INFO  com.example.test_1.Test1Application - Started Test1Application in 6.965 seconds (process running for 7.606)
2023-06-12 00:50:50.009 [http-nio-8080-exec-2] INFO  c.e.t.Controller.EmployeeController - Listing all employees
2023-06-12 00:50:50.136 [http-nio-8080-exec-2] INFO  c.e.t.Controller.EmployeeController - Total employees: 6
2023-06-12 00:51:05.352 [http-nio-8080-exec-3] INFO  c.e.t.Controller.EmployeeController - Listing all employees
2023-06-12 00:51:05.362 [http-nio-8080-exec-3] INFO  c.e.t.Controller.EmployeeController - Total employees: 6
2023-06-12 00:51:05.398 [http-nio-8080-exec-6] INFO  c.e.t.Controller.EmployeeController - Listing all employees
2023-06-12 00:51:05.408 [http-nio-8080-exec-6] INFO  c.e.t.Controller.EmployeeController - Total employees: 6
2023-06-12 01:00:09.712 [main] INFO  com.example.test_1.Test1Application - Starting Test1Application using Java 17.0.7 with PID 9752 (C:\Users\chetan.singh\Desktop\EmployeeDataManager\EmployeeManagerBackend\Test_1\target\classes started by chetan.singh in C:\Users\chetan.singh\Desktop\EmployeeDataManager\EmployeeManagerBackend\Test_1)
2023-06-12 01:00:09.713 [main] INFO  com.example.test_1.Test1Application - No active profile set, falling back to 1 default profile: "default"
2023-06-12 01:00:16.281 [main] INFO  com.example.test_1.Test1Application - Started Test1Application in 7.035 seconds (process running for 7.633)
2023-06-12 01:00:18.671 [http-nio-8080-exec-2] INFO  c.e.t.Controller.EmployeeController - Listing all employees
2023-06-12 01:00:18.816 [http-nio-8080-exec-2] INFO  c.e.t.Controller.EmployeeController - Total employees: 6
2023-06-12 01:00:42.602 [http-nio-8080-exec-4] INFO  c.e.t.Controller.EmployeeController - Listing all employees
2023-06-12 01:00:42.615 [http-nio-8080-exec-4] INFO  c.e.t.Controller.EmployeeController - Total employees: 6
2023-06-12 01:00:42.655 [http-nio-8080-exec-5] INFO  c.e.t.Controller.EmployeeController - Listing all employees
2023-06-12 01:00:42.669 [http-nio-8080-exec-5] INFO  c.e.t.Controller.EmployeeController - Total employees: 6
2023-06-12 01:00:42.690 [http-nio-8080-exec-3] INFO  c.e.t.Controller.EmployeeController - Listing all employees
2023-06-12 01:00:42.702 [http-nio-8080-exec-3] INFO  c.e.t.Controller.EmployeeController - Total employees: 6
2023-06-12 01:19:31.086 [main] INFO  com.example.test_1.Test1Application - Starting Test1Application using Java 17.0.7 with PID 3088 (C:\Users\chetan.singh\Desktop\EmployeeDataManager\EmployeeManagerBackend\Test_1\target\classes started by chetan.singh in C:\Users\chetan.singh\Desktop\EmployeeDataManager\EmployeeManagerBackend\Test_1)
2023-06-12 01:19:31.088 [main] INFO  com.example.test_1.Test1Application - No active profile set, falling back to 1 default profile: "default"
2023-06-12 01:19:37.884 [main] INFO  com.example.test_1.Test1Application - Started Test1Application in 7.287 seconds (process running for 7.943)
2023-06-12 01:19:38.736 [http-nio-8080-exec-2] INFO  c.e.t.Controller.EmployeeController - Listing all employees
2023-06-12 01:19:38.955 [http-nio-8080-exec-2] INFO  c.e.t.Controller.EmployeeController - Total employees: 6
2023-06-12 01:19:42.019 [http-nio-8080-exec-4] INFO  c.e.t.Controller.EmployeeController - Listing all employees
2023-06-12 01:19:42.042 [http-nio-8080-exec-4] INFO  c.e.t.Controller.EmployeeController - Total employees: 6
2023-06-12 01:19:42.088 [http-nio-8080-exec-9] INFO  c.e.t.Controller.EmployeeController - Listing all employees
2023-06-12 01:19:42.102 [http-nio-8080-exec-9] INFO  c.e.t.Controller.EmployeeController - Total employees: 6
2023-06-12 01:19:47.089 [http-nio-8080-exec-7] INFO  c.e.t.Controller.EmployeeController - Listing all employees
2023-06-12 01:19:47.096 [http-nio-8080-exec-7] INFO  c.e.t.Controller.EmployeeController - Total employees: 6
2023-06-12 01:19:47.825 [http-nio-8080-exec-6] INFO  c.e.t.Controller.EmployeeController - Listing all employees
2023-06-12 01:19:47.835 [http-nio-8080-exec-6] INFO  c.e.t.Controller.EmployeeController - Total employees: 6
2023-06-12 01:19:47.876 [http-nio-8080-exec-8] INFO  c.e.t.Controller.EmployeeController - Listing all employees
2023-06-12 01:19:47.890 [http-nio-8080-exec-8] INFO  c.e.t.Controller.EmployeeController - Total employees: 6
2023-06-12 01:19:52.884 [http-nio-8080-exec-5] INFO  c.e.t.Controller.EmployeeController - Listing all employees
2023-06-12 01:19:52.899 [http-nio-8080-exec-5] INFO  c.e.t.Controller.EmployeeController - Total employees: 6
2023-06-12 01:19:57.884 [http-nio-8080-exec-10] INFO  c.e.t.Controller.EmployeeController - Listing all employees
2023-06-12 01:19:57.896 [http-nio-8080-exec-10] INFO  c.e.t.Controller.EmployeeController - Total employees: 6
2023-06-12 01:20:03.238 [http-nio-8080-exec-3] INFO  c.e.t.Controller.EmployeeController - Listing all employees
2023-06-12 01:20:03.248 [http-nio-8080-exec-3] INFO  c.e.t.Controller.EmployeeController - Total employees: 6
2023-06-12 01:20:08.242 [http-nio-8080-exec-1] INFO  c.e.t.Controller.EmployeeController - Listing all employees
2023-06-12 01:20:08.256 [http-nio-8080-exec-1] INFO  c.e.t.Controller.EmployeeController - Total employees: 6
2023-06-12 01:20:13.225 [http-nio-8080-exec-2] INFO  c.e.t.Controller.EmployeeController - Listing all employees
2023-06-12 01:20:13.236 [http-nio-8080-exec-2] INFO  c.e.t.Controller.EmployeeController - Total employees: 6
2023-06-12 01:20:18.229 [http-nio-8080-exec-4] INFO  c.e.t.Controller.EmployeeController - Listing all employees
2023-06-12 01:20:18.240 [http-nio-8080-exec-4] INFO  c.e.t.Controller.EmployeeController - Total employees: 6
2023-06-12 01:20:23.239 [http-nio-8080-exec-9] INFO  c.e.t.Controller.EmployeeController - Listing all employees
2023-06-12 01:20:23.251 [http-nio-8080-exec-9] INFO  c.e.t.Controller.EmployeeController - Total employees: 6
2023-06-12 01:20:28.229 [http-nio-8080-exec-7] INFO  c.e.t.Controller.EmployeeController - Listing all employees
2023-06-12 01:20:28.247 [http-nio-8080-exec-7] INFO  c.e.t.Controller.EmployeeController - Total employees: 6
2023-06-12 01:20:32.883 [http-nio-8080-exec-6] INFO  c.e.t.Controller.EmployeeController - Listing all employees
2023-06-12 01:20:32.894 [http-nio-8080-exec-6] INFO  c.e.t.Controller.EmployeeController - Total employees: 6
2023-06-12 01:20:37.879 [http-nio-8080-exec-8] INFO  c.e.t.Controller.EmployeeController - Listing all employees
2023-06-12 01:20:37.891 [http-nio-8080-exec-8] INFO  c.e.t.Controller.EmployeeController - Total employees: 6
2023-06-12 01:20:42.881 [http-nio-8080-exec-10] INFO  c.e.t.Controller.EmployeeController - Listing all employees
2023-06-12 01:20:42.893 [http-nio-8080-exec-10] INFO  c.e.t.Controller.EmployeeController - Total employees: 6
2023-06-12 01:20:48.233 [http-nio-8080-exec-3] INFO  c.e.t.Controller.EmployeeController - Listing all employees
2023-06-12 01:20:48.251 [http-nio-8080-exec-3] INFO  c.e.t.Controller.EmployeeController - Total employees: 6
2023-06-12 01:20:53.227 [http-nio-8080-exec-1] INFO  c.e.t.Controller.EmployeeController - Listing all employees
2023-06-12 01:20:53.244 [http-nio-8080-exec-1] INFO  c.e.t.Controller.EmployeeController - Total employees: 6
2023-06-12 01:20:58.229 [http-nio-8080-exec-2] INFO  c.e.t.Controller.EmployeeController - Listing all employees
2023-06-12 01:20:58.240 [http-nio-8080-exec-2] INFO  c.e.t.Controller.EmployeeController - Total employees: 6
2023-06-12 01:21:03.240 [http-nio-8080-exec-4] INFO  c.e.t.Controller.EmployeeController - Listing all employees
2023-06-12 01:21:03.254 [http-nio-8080-exec-4] INFO  c.e.t.Controller.EmployeeController - Total employees: 6
2023-06-12 01:21:08.230 [http-nio-8080-exec-9] INFO  c.e.t.Controller.EmployeeController - Listing all employees
2023-06-12 01:21:08.238 [http-nio-8080-exec-9] INFO  c.e.t.Controller.EmployeeController - Total employees: 6
2023-06-12 01:21:12.397 [http-nio-8080-exec-7] INFO  c.e.t.Controller.EmployeeController - Listing all employees
2023-06-12 01:21:12.406 [http-nio-8080-exec-7] INFO  c.e.t.Controller.EmployeeController - Total employees: 6
2023-06-12 01:21:12.446 [http-nio-8080-exec-6] INFO  c.e.t.Controller.EmployeeController - Listing all employees
2023-06-12 01:21:12.456 [http-nio-8080-exec-6] INFO  c.e.t.Controller.EmployeeController - Total employees: 6
2023-06-12 01:21:15.257 [http-nio-8080-exec-8] INFO  c.e.t.Controller.EmployeeController - Listing all employees
2023-06-12 01:21:15.268 [http-nio-8080-exec-8] INFO  c.e.t.Controller.EmployeeController - Total employees: 6
2023-06-12 01:21:15.327 [http-nio-8080-exec-5] INFO  c.e.t.Controller.EmployeeController - Listing all employees
2023-06-12 01:21:15.338 [http-nio-8080-exec-5] INFO  c.e.t.Controller.EmployeeController - Total employees: 6
2023-06-12 01:21:16.093 [http-nio-8080-exec-10] INFO  c.e.t.Controller.EmployeeController - Listing all employees
2023-06-12 01:21:16.102 [http-nio-8080-exec-10] INFO  c.e.t.Controller.EmployeeController - Total employees: 6
2023-06-12 01:21:16.143 [http-nio-8080-exec-3] INFO  c.e.t.Controller.EmployeeController - Listing all employees
2023-06-12 01:21:16.149 [http-nio-8080-exec-3] INFO  c.e.t.Controller.EmployeeController - Total employees: 6
2023-06-12 01:21:21.147 [http-nio-8080-exec-1] INFO  c.e.t.Controller.EmployeeController - Listing all employees
2023-06-12 01:21:21.154 [http-nio-8080-exec-1] INFO  c.e.t.Controller.EmployeeController - Total employees: 6
2023-06-12 01:21:21.462 [http-nio-8080-exec-2] INFO  c.e.t.Controller.EmployeeController - Listing all employees
2023-06-12 01:21:21.469 [http-nio-8080-exec-2] INFO  c.e.t.Controller.EmployeeController - Total employees: 6
2023-06-12 01:21:21.509 [http-nio-8080-exec-4] INFO  c.e.t.Controller.EmployeeController - Listing all employees
2023-06-12 01:21:21.516 [http-nio-8080-exec-4] INFO  c.e.t.Controller.EmployeeController - Total employees: 6
2023-06-12 01:21:50.058 [http-nio-8080-exec-9] INFO  c.e.t.Controller.EmployeeController - Listing all employees
2023-06-12 01:21:50.070 [http-nio-8080-exec-9] INFO  c.e.t.Controller.EmployeeController - Total employees: 6
2023-06-12 01:21:50.117 [http-nio-8080-exec-7] INFO  c.e.t.Controller.EmployeeController - Listing all employees
2023-06-12 01:21:50.128 [http-nio-8080-exec-7] INFO  c.e.t.Controller.EmployeeController - Total employees: 6
2023-06-12 01:21:55.124 [http-nio-8080-exec-6] INFO  c.e.t.Controller.EmployeeController - Listing all employees
2023-06-12 01:21:55.134 [http-nio-8080-exec-6] INFO  c.e.t.Controller.EmployeeController - Total employees: 6
2023-06-12 01:22:00.228 [http-nio-8080-exec-8] INFO  c.e.t.Controller.EmployeeController - Listing all employees
2023-06-12 01:22:00.238 [http-nio-8080-exec-8] INFO  c.e.t.Controller.EmployeeController - Total employees: 6
2023-06-12 01:22:05.227 [http-nio-8080-exec-5] INFO  c.e.t.Controller.EmployeeController - Listing all employees
2023-06-12 01:22:05.236 [http-nio-8080-exec-5] INFO  c.e.t.Controller.EmployeeController - Total employees: 6
2023-06-12 01:22:10.240 [http-nio-8080-exec-10] INFO  c.e.t.Controller.EmployeeController - Listing all employees
2023-06-12 01:22:10.252 [http-nio-8080-exec-10] INFO  c.e.t.Controller.EmployeeController - Total employees: 6
2023-06-12 01:22:15.238 [http-nio-8080-exec-3] INFO  c.e.t.Controller.EmployeeController - Listing all employees
2023-06-12 01:22:15.248 [http-nio-8080-exec-3] INFO  c.e.t.Controller.EmployeeController - Total employees: 6
2023-06-12 01:22:20.224 [http-nio-8080-exec-1] INFO  c.e.t.Controller.EmployeeController - Listing all employees
2023-06-12 01:22:20.232 [http-nio-8080-exec-1] INFO  c.e.t.Controller.EmployeeController - Total employees: 6
2023-06-12 01:22:25.240 [http-nio-8080-exec-2] INFO  c.e.t.Controller.EmployeeController - Listing all employees
2023-06-12 01:22:25.248 [http-nio-8080-exec-2] INFO  c.e.t.Controller.EmployeeController - Total employees: 6
2023-06-12 01:22:28.083 [http-nio-8080-exec-4] INFO  c.e.t.Controller.EmployeeController - Listing all employees
2023-06-12 01:22:28.094 [http-nio-8080-exec-4] INFO  c.e.t.Controller.EmployeeController - Total employees: 6
2023-06-12 01:28:19.761 [http-nio-8080-exec-7] INFO  c.e.t.Controller.EmployeeController - Listing all employees
2023-06-12 01:28:19.773 [http-nio-8080-exec-7] INFO  c.e.t.Controller.EmployeeController - Total employees: 6
2023-06-12 01:29:44.143 [http-nio-8080-exec-8] INFO  c.e.t.Controller.EmployeeController - Listing all employees
2023-06-12 01:29:44.156 [http-nio-8080-exec-8] INFO  c.e.t.Controller.EmployeeController - Total employees: 6
2023-06-12 01:29:44.184 [http-nio-8080-exec-5] INFO  c.e.t.Controller.EmployeeController - Listing all employees
2023-06-12 01:29:44.192 [http-nio-8080-exec-5] INFO  c.e.t.Controller.EmployeeController - Total employees: 6
2023-06-12 01:31:00.703 [http-nio-8080-exec-3] INFO  c.e.t.Controller.EmployeeController - Listing all employees
2023-06-12 01:31:00.713 [http-nio-8080-exec-3] INFO  c.e.t.Controller.EmployeeController - Total employees: 6
2023-06-12 01:31:00.752 [http-nio-8080-exec-1] INFO  c.e.t.Controller.EmployeeController - Listing all employees
2023-06-12 01:31:00.761 [http-nio-8080-exec-1] INFO  c.e.t.Controller.EmployeeController - Total employees: 6
2023-06-12 01:31:00.778 [http-nio-8080-exec-2] INFO  c.e.t.Controller.EmployeeController - Listing all employees
2023-06-12 01:31:00.788 [http-nio-8080-exec-2] INFO  c.e.t.Controller.EmployeeController - Total employees: 6
2023-06-12 01:31:04.722 [http-nio-8080-exec-4] INFO  c.e.t.Controller.EmployeeController - Listing all employees
2023-06-12 01:31:04.731 [http-nio-8080-exec-4] INFO  c.e.t.Controller.EmployeeController - Total employees: 6
2023-06-12 01:31:04.762 [http-nio-8080-exec-9] INFO  c.e.t.Controller.EmployeeController - Listing all employees
2023-06-12 01:31:04.772 [http-nio-8080-exec-9] INFO  c.e.t.Controller.EmployeeController - Total employees: 6
2023-06-12 01:31:04.788 [http-nio-8080-exec-7] INFO  c.e.t.Controller.EmployeeController - Listing all employees
2023-06-12 01:31:04.796 [http-nio-8080-exec-7] INFO  c.e.t.Controller.EmployeeController - Total employees: 6
2023-06-12 01:31:05.704 [http-nio-8080-exec-6] INFO  c.e.t.Controller.EmployeeController - Listing all employees
2023-06-12 01:31:05.712 [http-nio-8080-exec-6] INFO  c.e.t.Controller.EmployeeController - Total employees: 6
2023-06-12 01:31:05.741 [http-nio-8080-exec-8] INFO  c.e.t.Controller.EmployeeController - Listing all employees
2023-06-12 01:31:05.750 [http-nio-8080-exec-8] INFO  c.e.t.Controller.EmployeeController - Total employees: 6
2023-06-12 01:31:05.760 [http-nio-8080-exec-8] INFO  c.e.t.Controller.EmployeeController - Listing all employees
2023-06-12 01:31:05.774 [http-nio-8080-exec-8] INFO  c.e.t.Controller.EmployeeController - Total employees: 6
2023-06-12 12:07:44.529 [main] INFO  com.example.test_1.Test1Application - Starting Test1Application using Java 17.0.7 with PID 10464 (C:\Users\chetan.singh\Desktop\EmployeeDataManager\EmployeeManagerBackend\Test_1\target\classes started by chetan.singh in C:\Users\chetan.singh\Desktop\EmployeeDataManager\EmployeeManagerBackend\Test_1)
2023-06-12 12:07:44.531 [main] INFO  com.example.test_1.Test1Application - No active profile set, falling back to 1 default profile: "default"
2023-06-12 12:07:53.754 [main] INFO  com.example.test_1.Test1Application - Started Test1Application in 10.181 seconds (process running for 11.566)
2023-06-12 12:08:02.247 [http-nio-8080-exec-1] INFO  c.e.t.Controller.EmployeeController - Listing all employees
2023-06-12 12:08:02.418 [http-nio-8080-exec-1] INFO  c.e.t.Controller.EmployeeController - Total employees: 6
2023-06-12 12:08:52.465 [http-nio-8080-exec-4] INFO  c.e.t.Controller.EmployeeController - Listing all employees
2023-06-12 12:08:52.481 [http-nio-8080-exec-4] INFO  c.e.t.Controller.EmployeeController - Total employees: 6
2023-06-12 12:08:56.766 [http-nio-8080-exec-5] INFO  c.e.t.Controller.EmployeeController - Listing all employees
2023-06-12 12:08:56.778 [http-nio-8080-exec-5] INFO  c.e.t.Controller.EmployeeController - Total employees: 5
2023-06-12 12:09:00.085 [http-nio-8080-exec-8] INFO  c.e.t.Controller.EmployeeController - Listing all employees
2023-06-12 12:09:00.097 [http-nio-8080-exec-8] INFO  c.e.t.Controller.EmployeeController - Total employees: 5
2023-06-12 12:09:02.207 [http-nio-8080-exec-9] INFO  c.e.t.Controller.EmployeeController - Listing all employees
2023-06-12 12:09:02.223 [http-nio-8080-exec-9] INFO  c.e.t.Controller.EmployeeController - Total employees: 5
2023-06-12 12:09:02.247 [http-nio-8080-exec-9] INFO  c.e.t.Controller.EmployeeController - Listing all employees
2023-06-12 12:09:02.262 [http-nio-8080-exec-9] INFO  c.e.t.Controller.EmployeeController - Total employees: 5
