2023-06-14 14:29:22.316 [main] INFO  c.e.test_1.Test1ApplicationTests - Starting Test1ApplicationTests using Java 17.0.7 with PID 276065 (started by chetansingh in /home/chetansingh/Working_Directory/POC_Application/Backend/Test_1)
2023-06-14 14:29:22.319 [main] INFO  c.e.test_1.Test1ApplicationTests - No active profile set, falling back to 1 default profile: "default"
2023-06-14 15:26:45.843 [main] INFO  c.e.test_1.Test1ApplicationTests - Starting Test1ApplicationTests using Java 17.0.7 with PID 285666 (started by chetansingh in /home/chetansingh/Working_Directory/POC_Application/Backend/Test_1)
2023-06-14 15:26:45.844 [main] INFO  c.e.test_1.Test1ApplicationTests - No active profile set, falling back to 1 default profile: "default"
2023-06-14 15:27:27.891 [main] INFO  c.e.test_1.Test1ApplicationTests - Starting Test1ApplicationTests using Java 17.0.7 with PID 285884 (started by chetansingh in /home/chetansingh/Working_Directory/POC_Application/Backend/Test_1)
2023-06-14 15:27:27.892 [main] INFO  c.e.test_1.Test1ApplicationTests - No active profile set, falling back to 1 default profile: "default"
2023-06-14 15:28:20.599 [main] INFO  c.e.test_1.Test1ApplicationTests - Starting Test1ApplicationTests using Java 17.0.7 with PID 286072 (started by chetansingh in /home/chetansingh/Working_Directory/POC_Application/Backend/Test_1)
2023-06-14 15:28:20.600 [main] INFO  c.e.test_1.Test1ApplicationTests - No active profile set, falling back to 1 default profile: "default"
2023-06-14 15:29:23.637 [main] INFO  c.e.test_1.Test1ApplicationTests - Starting Test1ApplicationTests using Java 17.0.7 with PID 286278 (started by chetansingh in /home/chetansingh/Working_Directory/POC_Application/Backend/Test_1)
2023-06-14 15:29:23.638 [main] INFO  c.e.test_1.Test1ApplicationTests - No active profile set, falling back to 1 default profile: "default"
2023-06-14 15:32:25.251 [main] INFO  c.e.test_1.Test1ApplicationTests - Starting Test1ApplicationTests using Java 17.0.7 with PID 286636 (started by chetansingh in /home/chetansingh/Working_Directory/POC_Application/Backend/Test_1)
2023-06-14 15:32:25.252 [main] INFO  c.e.test_1.Test1ApplicationTests - No active profile set, falling back to 1 default profile: "default"
2023-06-14 15:34:15.268 [main] INFO  c.e.test_1.Test1ApplicationTests - Starting Test1ApplicationTests using Java 17.0.7 with PID 286856 (started by chetansingh in /home/chetansingh/Working_Directory/POC_Application/Backend/Test_1)
2023-06-14 15:34:15.269 [main] INFO  c.e.test_1.Test1ApplicationTests - No active profile set, falling back to 1 default profile: "default"
2023-06-14 16:31:42.207 [main] INFO  c.e.test_1.Test1ApplicationTests - Starting Test1ApplicationTests using Java 17.0.7 with PID 346320 (started by chetansingh in /home/chetansingh/Working_Directory/POC_Application/Backend/Test_1)
2023-06-14 16:31:42.212 [main] INFO  c.e.test_1.Test1ApplicationTests - No active profile set, falling back to 1 default profile: "default"
2023-06-14 16:36:03.256 [main] INFO  c.e.test_1.Test1ApplicationTests - Starting Test1ApplicationTests using Java 17.0.7 with PID 346483 (started by chetansingh in /home/chetansingh/Working_Directory/POC_Application/Backend/Test_1)
2023-06-14 16:36:03.257 [main] INFO  c.e.test_1.Test1ApplicationTests - No active profile set, falling back to 1 default profile: "default"
2023-06-14 17:00:53.873 [main] INFO  com.example.test_1.Test1Application - Starting Test1Application using Java 20.0.1 with PID 347138 (/home/chetansingh/Working_Directory/POC_Application/Backend/Test_1/target/classes started by chetansingh in /home/chetansingh/Working_Directory/POC_Application/Backend/Test_1)
2023-06-14 17:00:53.874 [main] INFO  com.example.test_1.Test1Application - No active profile set, falling back to 1 default profile: "default"
2023-06-14 17:48:30.757 [main] INFO  com.example.test_1.Test1Application - Starting Test1Application using Java 20.0.1 with PID 348040 (/home/chetansingh/Working_Directory/POC_Application/Backend/Test_1/target/classes started by chetansingh in /home/chetansingh/Working_Directory/POC_Application/Backend/Test_1)
2023-06-14 17:48:30.759 [main] INFO  com.example.test_1.Test1Application - No active profile set, falling back to 1 default profile: "default"
2023-06-14 17:53:34.637 [main] INFO  com.example.test_1.Test1Application - Starting Test1Application using Java 20.0.1 with PID 348128 (/home/chetansingh/Working_Directory/POC_Application/Backend/Test_1/target/classes started by chetansingh in /home/chetansingh/Working_Directory/POC_Application/Backend/Test_1)
2023-06-14 17:53:34.638 [main] INFO  com.example.test_1.Test1Application - No active profile set, falling back to 1 default profile: "default"
2023-06-14 17:53:38.554 [main] INFO  com.example.test_1.Test1Application - Started Test1Application in 4.268 seconds (process running for 4.566)
2023-06-14 17:54:09.891 [http-nio-8080-exec-1] INFO  c.e.t.Controller.EmployeeController - Listing all employees
2023-06-14 17:54:10.011 [http-nio-8080-exec-1] INFO  c.e.t.Controller.EmployeeController - Total employees: 0
2023-06-14 17:54:11.978 [http-nio-8080-exec-3] INFO  c.e.t.Controller.EmployeeController - Listing all employees
2023-06-14 17:54:11.986 [http-nio-8080-exec-3] INFO  c.e.t.Controller.EmployeeController - Total employees: 0
2023-06-14 17:54:17.837 [http-nio-8080-exec-4] INFO  c.e.t.Controller.EmployeeController - Inserting employee: Employee [id=0, first_name=Lakhdeep, last_name=Gautam, email=john.doe@example.com, phone_number=1234567890, job_title=Manager, department=Sales]
2023-06-14 17:54:17.926 [http-nio-8080-exec-4] INFO  c.e.t.Controller.EmployeeController - Employee inserted successfully: Employee [id=1, first_name=Lakhdeep, last_name=Gautam, email=john.doe@example.com, phone_number=1234567890, job_title=Manager, department=Sales]
2023-06-14 17:54:24.811 [http-nio-8080-exec-5] INFO  c.e.t.Controller.EmployeeController - Inserting employee: Employee [id=0, first_name=Lakhdeep, last_name=Gautam, email=john.doe@example.com, phone_number=1234567890, job_title=Manager, department=Sales]
2023-06-14 17:54:24.828 [http-nio-8080-exec-5] INFO  c.e.t.Controller.EmployeeController - Employee inserted successfully: Employee [id=2, first_name=Lakhdeep, last_name=Gautam, email=john.doe@example.com, phone_number=1234567890, job_title=Manager, department=Sales]
2023-06-14 17:54:25.574 [http-nio-8080-exec-6] INFO  c.e.t.Controller.EmployeeController - Inserting employee: Employee [id=0, first_name=Lakhdeep, last_name=Gautam, email=john.doe@example.com, phone_number=1234567890, job_title=Manager, department=Sales]
2023-06-14 17:54:25.586 [http-nio-8080-exec-6] INFO  c.e.t.Controller.EmployeeController - Employee inserted successfully: Employee [id=3, first_name=Lakhdeep, last_name=Gautam, email=john.doe@example.com, phone_number=1234567890, job_title=Manager, department=Sales]
2023-06-14 17:54:26.051 [http-nio-8080-exec-7] INFO  c.e.t.Controller.EmployeeController - Inserting employee: Employee [id=0, first_name=Lakhdeep, last_name=Gautam, email=john.doe@example.com, phone_number=1234567890, job_title=Manager, department=Sales]
2023-06-14 17:54:26.061 [http-nio-8080-exec-7] INFO  c.e.t.Controller.EmployeeController - Employee inserted successfully: Employee [id=4, first_name=Lakhdeep, last_name=Gautam, email=john.doe@example.com, phone_number=1234567890, job_title=Manager, department=Sales]
2023-06-14 17:54:26.378 [http-nio-8080-exec-8] INFO  c.e.t.Controller.EmployeeController - Inserting employee: Employee [id=0, first_name=Lakhdeep, last_name=Gautam, email=john.doe@example.com, phone_number=1234567890, job_title=Manager, department=Sales]
2023-06-14 17:54:26.394 [http-nio-8080-exec-8] INFO  c.e.t.Controller.EmployeeController - Employee inserted successfully: Employee [id=5, first_name=Lakhdeep, last_name=Gautam, email=john.doe@example.com, phone_number=1234567890, job_title=Manager, department=Sales]
2023-06-14 17:54:26.717 [http-nio-8080-exec-9] INFO  c.e.t.Controller.EmployeeController - Inserting employee: Employee [id=0, first_name=Lakhdeep, last_name=Gautam, email=john.doe@example.com, phone_number=1234567890, job_title=Manager, department=Sales]
2023-06-14 17:54:26.731 [http-nio-8080-exec-9] INFO  c.e.t.Controller.EmployeeController - Employee inserted successfully: Employee [id=6, first_name=Lakhdeep, last_name=Gautam, email=john.doe@example.com, phone_number=1234567890, job_title=Manager, department=Sales]
2023-06-14 17:54:27.070 [http-nio-8080-exec-10] INFO  c.e.t.Controller.EmployeeController - Inserting employee: Employee [id=0, first_name=Lakhdeep, last_name=Gautam, email=john.doe@example.com, phone_number=1234567890, job_title=Manager, department=Sales]
2023-06-14 17:54:27.080 [http-nio-8080-exec-10] INFO  c.e.t.Controller.EmployeeController - Employee inserted successfully: Employee [id=7, first_name=Lakhdeep, last_name=Gautam, email=john.doe@example.com, phone_number=1234567890, job_title=Manager, department=Sales]
2023-06-14 17:54:27.451 [http-nio-8080-exec-2] INFO  c.e.t.Controller.EmployeeController - Inserting employee: Employee [id=0, first_name=Lakhdeep, last_name=Gautam, email=john.doe@example.com, phone_number=1234567890, job_title=Manager, department=Sales]
2023-06-14 17:54:27.463 [http-nio-8080-exec-2] INFO  c.e.t.Controller.EmployeeController - Employee inserted successfully: Employee [id=8, first_name=Lakhdeep, last_name=Gautam, email=john.doe@example.com, phone_number=1234567890, job_title=Manager, department=Sales]
2023-06-14 17:54:27.821 [http-nio-8080-exec-1] INFO  c.e.t.Controller.EmployeeController - Inserting employee: Employee [id=0, first_name=Lakhdeep, last_name=Gautam, email=john.doe@example.com, phone_number=1234567890, job_title=Manager, department=Sales]
2023-06-14 17:54:27.834 [http-nio-8080-exec-1] INFO  c.e.t.Controller.EmployeeController - Employee inserted successfully: Employee [id=9, first_name=Lakhdeep, last_name=Gautam, email=john.doe@example.com, phone_number=1234567890, job_title=Manager, department=Sales]
2023-06-14 17:54:28.174 [http-nio-8080-exec-3] INFO  c.e.t.Controller.EmployeeController - Inserting employee: Employee [id=0, first_name=Lakhdeep, last_name=Gautam, email=john.doe@example.com, phone_number=1234567890, job_title=Manager, department=Sales]
2023-06-14 17:54:28.185 [http-nio-8080-exec-3] INFO  c.e.t.Controller.EmployeeController - Employee inserted successfully: Employee [id=10, first_name=Lakhdeep, last_name=Gautam, email=john.doe@example.com, phone_number=1234567890, job_title=Manager, department=Sales]
2023-06-14 17:54:38.955 [http-nio-8080-exec-4] INFO  c.e.t.Controller.EmployeeController - Listing all employees
2023-06-14 17:54:38.970 [http-nio-8080-exec-4] INFO  c.e.t.Controller.EmployeeController - Total employees: 10
2023-06-14 17:58:07.794 [http-nio-8080-exec-7] INFO  c.e.t.Controller.EmployeeController - Inserting employee: Employee [id=0, first_name=Chetan, last_name=Singh, email=john.doe@example.com, phone_number=1234567890, job_title=Manager, department=Sales]
2023-06-14 17:58:07.808 [http-nio-8080-exec-7] INFO  c.e.t.Controller.EmployeeController - Employee inserted successfully: Employee [id=11, first_name=Chetan, last_name=Singh, email=john.doe@example.com, phone_number=1234567890, job_title=Manager, department=Sales]
2023-06-14 17:58:29.279 [http-nio-8080-exec-8] INFO  c.e.t.Controller.EmployeeController - Inserting employee: Employee [id=0, first_name=Chetan, last_name=Singh, email=john.doe@example.com, phone_number=1234567890, job_title=Manager, department=Sales]
2023-06-14 17:58:29.291 [http-nio-8080-exec-8] INFO  c.e.t.Controller.EmployeeController - Employee inserted successfully: Employee [id=12, first_name=Chetan, last_name=Singh, email=john.doe@example.com, phone_number=1234567890, job_title=Manager, department=Sales]
2023-06-14 17:59:13.115 [http-nio-8080-exec-10] INFO  c.e.t.Controller.EmployeeController - Listing all employees
2023-06-14 17:59:13.131 [http-nio-8080-exec-10] INFO  c.e.t.Controller.EmployeeController - Total employees: 12
2023-06-14 17:59:19.627 [http-nio-8080-exec-3] INFO  c.e.t.Controller.EmployeeController - Listing all employees
2023-06-14 17:59:19.656 [http-nio-8080-exec-3] INFO  c.e.t.Controller.EmployeeController - Total employees: 12
