2023-06-26 11:20:59.723 [main] INFO  com.example.test_1.Test1Application - Starting Test1Application using Java 17.0.7 with PID 115242 (/home/chetansingh/Working_Directory/POC_Application/Backend/Test_1/target/classes started by chetansingh in /home/chetansingh/Working_Directory/POC_Application/Backend/Test_1)
2023-06-26 11:20:59.725 [main] INFO  com.example.test_1.Test1Application - No active profile set, falling back to 1 default profile: "default"
2023-06-26 11:21:10.498 [main] INFO  com.example.test_1.Test1Application - Started Test1Application in 11.861 seconds (process running for 12.434)
2023-06-26 11:22:14.903 [http-nio-8080-exec-2] INFO  c.e.t.Controller.EmployeeController - Listing all employees
2023-06-26 11:22:15.097 [http-nio-8080-exec-2] INFO  c.e.t.Controller.EmployeeController - Total employees: 16
2023-06-26 11:22:23.842 [http-nio-8080-exec-3] INFO  c.e.t.Controller.EmployeeController - Inserting employee: Employee [id=0, first_name=Chetan, last_name=Singh, email=john.doe@example.com, phone_number=1234567890, job_title=Manager, department=Sales]
2023-06-26 11:22:23.966 [http-nio-8080-exec-3] INFO  c.e.t.Controller.EmployeeController - Employee inserted successfully: Employee [id=19, first_name=Chetan, last_name=Singh, email=john.doe@example.com, phone_number=1234567890, job_title=Manager, department=Sales]
2023-06-26 12:02:27.231 [main] INFO  com.example.test_1.Test1Application - Starting Test1Application using Java 17.0.7 with PID 137188 (/home/chetansingh/Working_Directory/POC_Application/Backend/Test_1/target/classes started by chetansingh in /home/chetansingh/Working_Directory/POC_Application/Backend/Test_1)
2023-06-26 12:02:27.245 [main] INFO  com.example.test_1.Test1Application - No active profile set, falling back to 1 default profile: "default"
2023-06-26 12:02:36.777 [main] INFO  com.example.test_1.Test1Application - Started Test1Application in 10.766 seconds (process running for 11.84)
2023-06-26 12:04:30.786 [main] INFO  com.example.test_1.Test1Application - Starting Test1Application using Java 17.0.7 with PID 138591 (/home/chetansingh/Working_Directory/POC_Application/Backend/Test_1/target/classes started by chetansingh in /home/chetansingh/Working_Directory/POC_Application/Backend/Test_1)
2023-06-26 12:04:30.788 [main] INFO  com.example.test_1.Test1Application - No active profile set, falling back to 1 default profile: "default"
2023-06-26 12:04:37.787 [main] INFO  com.example.test_1.Test1Application - Started Test1Application in 7.914 seconds (process running for 8.56)
2023-06-26 12:05:34.964 [http-nio-8080-exec-2] INFO  c.e.t.Controller.EmployeeController - Listing all employees
2023-06-26 12:05:35.125 [http-nio-8080-exec-2] INFO  c.e.t.Controller.EmployeeController - Total employees: 17
2023-06-26 12:05:37.229 [http-nio-8080-exec-4] INFO  c.e.t.Controller.EmployeeController - Listing all employees
2023-06-26 12:05:37.258 [http-nio-8080-exec-4] INFO  c.e.t.Controller.EmployeeController - Total employees: 17
2023-06-26 12:05:58.051 [http-nio-8080-exec-6] INFO  c.e.t.Controller.EmployeeController - Listing all employees
2023-06-26 12:05:58.065 [http-nio-8080-exec-6] INFO  c.e.t.Controller.EmployeeController - Total employees: 17
2023-06-26 12:09:41.742 [http-nio-8080-exec-10] INFO  c.e.t.Controller.EmployeeController - Inserting employee: Employee [id=0, first_name=Chetan, last_name=null, email=john.doe@example.com, phone_number=1234567890, job_title=Manager, department=Sales]
2023-06-26 12:09:41.842 [http-nio-8080-exec-10] INFO  c.e.t.Controller.EmployeeController - Employee inserted successfully: Employee [id=20, first_name=Chetan, last_name=null, email=john.doe@example.com, phone_number=1234567890, job_title=Manager, department=Sales]
2023-06-26 12:09:47.647 [http-nio-8080-exec-1] INFO  c.e.t.Controller.EmployeeController - Inserting employee: Employee [id=0, first_name=Chetan, last_name=Singh, email=john.doe@example.com, phone_number=1234567890, job_title=Manager, department=Sales]
2023-06-26 12:09:47.661 [http-nio-8080-exec-1] INFO  c.e.t.Controller.EmployeeController - Employee inserted successfully: Employee [id=21, first_name=Chetan, last_name=Singh, email=john.doe@example.com, phone_number=1234567890, job_title=Manager, department=Sales]
2023-06-26 12:10:02.754 [http-nio-8080-exec-2] INFO  c.e.t.Controller.EmployeeController - Updating employee with ID: 35
2023-06-26 12:10:04.423 [http-nio-8080-exec-4] INFO  c.e.t.Controller.EmployeeController - Updating employee with ID: 35
2023-06-26 12:10:05.620 [http-nio-8080-exec-3] INFO  c.e.t.Controller.EmployeeController - Updating employee with ID: 35
2023-06-26 12:42:03.134 [main] INFO  com.example.test_1.Test1Application - Starting Test1Application using Java 17.0.7 with PID 150446 (/home/chetansingh/Working_Directory/POC_Application/Backend/Test_1/target/classes started by chetansingh in /home/chetansingh/Working_Directory/POC_Application/Backend/Test_1)
2023-06-26 12:42:03.135 [main] INFO  com.example.test_1.Test1Application - No active profile set, falling back to 1 default profile: "default"
2023-06-26 12:42:10.137 [main] INFO  com.example.test_1.Test1Application - Started Test1Application in 7.972 seconds (process running for 8.855)
2023-06-26 12:42:37.753 [http-nio-8080-exec-2] INFO  c.e.t.Controller.EmployeeController - Updating employee with ID: 35
2023-06-26 12:42:40.486 [http-nio-8080-exec-3] INFO  c.e.t.Controller.EmployeeController - Listing all employees
2023-06-26 12:42:40.706 [http-nio-8080-exec-3] INFO  c.e.t.Controller.EmployeeController - Total employees: 18
2023-06-26 12:42:50.998 [http-nio-8080-exec-6] INFO  c.e.t.Controller.EmployeeController - Inserting employee: Employee [id=0, first_name=Chetan, last_name=Singh, email=john.doe@example.com, phone_number=1234567890, job_title=Manager, department=Sales]
2023-06-26 12:42:51.046 [http-nio-8080-exec-6] INFO  c.e.t.Controller.EmployeeController - Employee inserted successfully: Employee [id=22, first_name=Chetan, last_name=Singh, email=john.doe@example.com, phone_number=1234567890, job_title=Manager, department=Sales]
2023-06-26 12:44:43.127 [http-nio-8080-exec-9] INFO  c.e.t.Controller.EmployeeController - Inserting employee: Employee [id=0, first_name=Chetan, last_name=Singh, email=john.doe@example.com, phone_number=1234567890, job_title=Manager, department=Sales]
2023-06-26 12:44:43.158 [http-nio-8080-exec-9] INFO  c.e.t.Controller.EmployeeController - Employee inserted successfully: Employee [id=23, first_name=Chetan, last_name=Singh, email=john.doe@example.com, phone_number=1234567890, job_title=Manager, department=Sales]
2023-06-26 12:44:59.875 [http-nio-8080-exec-1] INFO  c.e.t.Controller.EmployeeController - Listing all employees
2023-06-26 12:44:59.911 [http-nio-8080-exec-1] INFO  c.e.t.Controller.EmployeeController - Total employees: 18
2023-06-26 12:45:05.527 [http-nio-8080-exec-2] INFO  c.e.t.Controller.EmployeeController - Updating employee with ID: 35
2023-06-26 12:47:30.220 [http-nio-8080-exec-5] INFO  c.e.t.Controller.EmployeeController - Listing all employees
2023-06-26 12:47:30.243 [http-nio-8080-exec-5] INFO  c.e.t.Controller.EmployeeController - Total employees: 18
2023-06-26 12:54:55.847 [main] INFO  com.example.test_1.Test1Application - Starting Test1Application using Java 17.0.7 with PID 154678 (/home/chetansingh/Working_Directory/POC_Application/Backend/Test_1/target/classes started by chetansingh in /home/chetansingh/Working_Directory/POC_Application/Backend/Test_1)
2023-06-26 12:54:55.853 [main] INFO  com.example.test_1.Test1Application - No active profile set, falling back to 1 default profile: "default"
2023-06-26 12:55:01.917 [main] INFO  com.example.test_1.Test1Application - Started Test1Application in 6.867 seconds (process running for 7.53)
2023-06-26 12:55:20.512 [http-nio-8080-exec-1] INFO  c.e.t.Controller.EmployeeController - Listing all employees
2023-06-26 12:55:20.632 [http-nio-8080-exec-1] INFO  c.e.t.Controller.EmployeeController - Total employees: 18
2023-06-26 12:55:23.904 [http-nio-8080-exec-3] INFO  c.e.t.Controller.EmployeeController - Updating employee with ID: 35
2023-06-26 12:55:29.983 [http-nio-8080-exec-4] INFO  c.e.t.Controller.EmployeeController - Updating employee with ID: 8
2023-06-26 12:55:30.106 [http-nio-8080-exec-4] INFO  c.e.t.Controller.EmployeeController - Employee updated successfully: Employee [id=8, first_name=Chetan Singh, last_name=Sengar, email=john.doe@example.com, phone_number=1234567890, job_title=CIO, department=DSP]
2023-06-26 12:55:43.293 [http-nio-8080-exec-7] INFO  c.e.t.Controller.EmployeeController - Inserting employee: Employee [id=0, first_name=Chetan, last_name=Singh, email=john.doe@example.com, phone_number=1234567890, job_title=Manager, department=Sales]
2023-06-26 12:55:43.320 [http-nio-8080-exec-7] INFO  c.e.t.Controller.EmployeeController - Employee inserted successfully: Employee [id=24, first_name=Chetan, last_name=Singh, email=john.doe@example.com, phone_number=1234567890, job_title=Manager, department=Sales]
2023-06-26 12:55:46.986 [http-nio-8080-exec-8] INFO  c.e.t.Controller.EmployeeController - Listing all employees
2023-06-26 12:55:46.994 [http-nio-8080-exec-8] INFO  c.e.t.Controller.EmployeeController - Total employees: 18
2023-06-26 12:58:14.852 [http-nio-8080-exec-2] INFO  c.e.t.Controller.EmployeeController - Listing all employees
2023-06-26 12:58:14.868 [http-nio-8080-exec-2] INFO  c.e.t.Controller.EmployeeController - Total employees: 18
2023-06-26 12:58:24.200 [http-nio-8080-exec-1] INFO  c.e.t.Controller.EmployeeController - Listing all employees
2023-06-26 12:58:24.213 [http-nio-8080-exec-1] INFO  c.e.t.Controller.EmployeeController - Total employees: 18
2023-06-26 13:13:14.165 [http-nio-8080-exec-6] INFO  c.e.t.Controller.EmployeeController - Listing all employees
2023-06-26 13:13:14.643 [http-nio-8080-exec-6] INFO  c.e.t.Controller.EmployeeController - Total employees: 18
2023-06-26 13:13:15.929 [http-nio-8080-exec-8] INFO  c.e.t.Controller.EmployeeController - Inserting employee: Employee [id=0, first_name=Chetan, last_name=Singh, email=john.doe@example.com, phone_number=1234567890, job_title=Manager, department=Sales]
2023-06-26 13:13:16.081 [http-nio-8080-exec-8] INFO  c.e.t.Controller.EmployeeController - Employee inserted successfully: Employee [id=25, first_name=Chetan, last_name=Singh, email=john.doe@example.com, phone_number=1234567890, job_title=Manager, department=Sales]
2023-06-26 13:13:21.753 [http-nio-8080-exec-9] INFO  c.e.t.Controller.EmployeeController - Updating employee with ID: 8
2023-06-26 13:14:42.581 [http-nio-8080-exec-3] INFO  c.e.t.Controller.EmployeeController - Listing all employees
2023-06-26 13:14:42.594 [http-nio-8080-exec-3] INFO  c.e.t.Controller.EmployeeController - Total employees: 19
2023-06-26 13:20:48.067 [http-nio-8080-exec-7] INFO  c.e.t.Controller.EmployeeController - Listing all employees
2023-06-26 13:20:48.082 [http-nio-8080-exec-7] INFO  c.e.t.Controller.EmployeeController - Total employees: 19
2023-06-26 13:20:48.831 [http-nio-8080-exec-6] INFO  c.e.t.Controller.EmployeeController - Listing all employees
2023-06-26 13:20:48.848 [http-nio-8080-exec-6] INFO  c.e.t.Controller.EmployeeController - Total employees: 19
2023-06-26 13:20:50.711 [http-nio-8080-exec-8] INFO  c.e.t.Controller.EmployeeController - Inserting employee: Employee [id=0, first_name=Chetan, last_name=Singh, email=john.doe@example.com, phone_number=1234567890, job_title=Manager, department=Sales]
2023-06-26 13:20:50.766 [http-nio-8080-exec-8] INFO  c.e.t.Controller.EmployeeController - Employee inserted successfully: Employee [id=26, first_name=Chetan, last_name=Singh, email=john.doe@example.com, phone_number=1234567890, job_title=Manager, department=Sales]
2023-06-26 13:20:51.461 [http-nio-8080-exec-10] INFO  c.e.t.Controller.EmployeeController - Inserting employee: Employee [id=0, first_name=Chetan, last_name=Singh, email=john.doe@example.com, phone_number=1234567890, job_title=Manager, department=Sales]
2023-06-26 13:20:51.473 [http-nio-8080-exec-10] INFO  c.e.t.Controller.EmployeeController - Employee inserted successfully: Employee [id=27, first_name=Chetan, last_name=Singh, email=john.doe@example.com, phone_number=1234567890, job_title=Manager, department=Sales]
2023-06-26 13:20:53.504 [http-nio-8080-exec-9] INFO  c.e.t.Controller.EmployeeController - Inserting employee: Employee [id=0, first_name=Chetan, last_name=Singh, email=john.doe@example.com, phone_number=1234567890, job_title=Manager, department=Sales]
2023-06-26 13:20:53.525 [http-nio-8080-exec-9] INFO  c.e.t.Controller.EmployeeController - Employee inserted successfully: Employee [id=28, first_name=Chetan, last_name=Singh, email=john.doe@example.com, phone_number=1234567890, job_title=Manager, department=Sales]
2023-06-26 14:27:06.532 [http-nio-8080-exec-7] INFO  c.e.t.Controller.EmployeeController - Inserting employee: Employee [id=0, first_name=Chetan, last_name=Singh, email=john.doe@example.com, phone_number=1234567890, job_title=Manager, department=Sales]
2023-06-26 14:27:06.969 [http-nio-8080-exec-7] INFO  c.e.t.Controller.EmployeeController - Employee inserted successfully: Employee [id=29, first_name=Chetan, last_name=Singh, email=john.doe@example.com, phone_number=1234567890, job_title=Manager, department=Sales]
2023-06-26 14:27:07.783 [http-nio-8080-exec-8] INFO  c.e.t.Controller.EmployeeController - Inserting employee: Employee [id=0, first_name=Chetan, last_name=Singh, email=john.doe@example.com, phone_number=1234567890, job_title=Manager, department=Sales]
2023-06-26 14:27:07.794 [http-nio-8080-exec-8] INFO  c.e.t.Controller.EmployeeController - Employee inserted successfully: Employee [id=30, first_name=Chetan, last_name=Singh, email=john.doe@example.com, phone_number=1234567890, job_title=Manager, department=Sales]
2023-06-26 14:27:09.846 [http-nio-8080-exec-10] INFO  c.e.t.Controller.EmployeeController - Listing all employees
2023-06-26 14:27:09.902 [http-nio-8080-exec-10] INFO  c.e.t.Controller.EmployeeController - Total employees: 24
2023-06-26 14:35:02.876 [http-nio-8080-exec-2] INFO  c.e.t.Controller.EmployeeController - Listing all employees
2023-06-26 14:35:02.895 [http-nio-8080-exec-2] INFO  c.e.t.Controller.EmployeeController - Total employees: 24
2023-06-26 14:35:05.128 [http-nio-8080-exec-3] INFO  c.e.t.Controller.EmployeeController - Listing all employees
2023-06-26 14:35:05.141 [http-nio-8080-exec-3] INFO  c.e.t.Controller.EmployeeController - Total employees: 24
